<?xml version="1.0" encoding="UTF-8"?>
<testng-results ignored="0" total="1" passed="1" failed="0" skipped="0">
  <reporter-output>
  </reporter-output>
  <suite started-at="2023-04-26T11:10:13 IST" name="Suite" finished-at="2023-04-26T11:10:13 IST" duration-ms="81">
    <groups>
      <group name="smoketest">
        <method signature="SmokeExTest.m1()[pri:0, instance:Practice1.SmokeExTest@13b13b5d]" name="m1" class="Practice1.SmokeExTest"/>
      </group> <!-- smoketest -->
    </groups>
    <test started-at="2023-04-26T11:10:13 IST" name="Test" finished-at="2023-04-26T11:10:13 IST" duration-ms="81">
      <class name="Practice1.SmokeExTest">
        <test-method signature="m1()[pri:0, instance:Practice1.SmokeExTest@13b13b5d]" started-at="2023-04-26T11:10:13 IST" name="m1" finished-at="2023-04-26T11:10:13 IST" duration-ms="13" status="PASS">
          <reporter-output>
          </reporter-output>
        </test-method> <!-- m1 -->
      </class> <!-- Practice1.SmokeExTest -->
    </test> <!-- Test -->
  </suite> <!-- Suite -->
</testng-results>
